2019/07/01 20:37:01 [error] [exception.CHttpException.404] CHttpException: Unable to resolve the request "favicon.ico". in /Users/pro/projects/recapcha/framework/web/CWebApplication.php:286
Stack trace:
#0 /Users/pro/projects/recapcha/framework/web/CWebApplication.php(141): CWebApplication->runController('favicon.ico')
#1 /Users/pro/projects/recapcha/framework/base/CApplication.php(185): CWebApplication->processRequest()
#2 /Users/pro/projects/recapcha/index.php(13): CApplication->run()
#3 {main}
REQUEST_URI=/favicon.ico
HTTP_REFERER=http://recapcha/index.php?r=site/login
---
2019/07/01 21:08:26 [error] [exception.CException] CException: Alias "ext.yiiReCaptcha.ReCaptchaValidator" is invalid. Make sure it points to an existing PHP file and the file is readable. in /Users/pro/projects/recapcha/framework/YiiBase.php:330
Stack trace:
#0 /Users/pro/projects/recapcha/framework/validators/CValidator.php(174): YiiBase::import('ext.yiiReCaptch...', true)
#1 /Users/pro/projects/recapcha/framework/base/CModel.php(287): CValidator::createValidator('ext.yiiReCaptch...', Object(ContactForm), Array, Array)
#2 /Users/pro/projects/recapcha/framework/base/CModel.php(260): CModel->createValidators()
#3 /Users/pro/projects/recapcha/framework/base/CModel.php(547): CModel->getValidators()
#4 /Users/pro/projects/recapcha/framework/web/widgets/CActiveForm.php(567): CModel->getSafeAttributeNames()
#5 /Users/pro/projects/recapcha/protected/views/site/contact.php(38): CActiveForm->errorSummary(Object(ContactForm))
#6 /Users/pro/projects/recapcha/framework/web/CBaseController.php(126): require('/Users/pro/proj...')
#7 /Users/pro/projects/recapcha/framework/web/CBaseController.php(95): CBaseController->renderInternal('/Users/pro/proj...', Array, true)
#8 /Users/pro/projects/recapcha/framework/web/CController.php(872): CBaseController->renderFile('/Users/pro/proj...', Array, true)
#9 /Users/pro/projects/recapcha/framework/web/CController.php(785): CController->renderPartial('contact', Array, true)
#10 /Users/pro/projects/recapcha/protected/controllers/SiteController.php(72): CController->render('contact', Array)
#11 /Users/pro/projects/recapcha/framework/web/actions/CInlineAction.php(49): SiteController->actionContact()
#12 /Users/pro/projects/recapcha/framework/web/CController.php(308): CInlineAction->runWithParams(Array)
#13 /Users/pro/projects/recapcha/framework/web/CController.php(286): CController->runAction(Object(CInlineAction))
#14 /Users/pro/projects/recapcha/framework/web/CController.php(265): CController->runActionWithFilters(Object(CInlineAction), Array)
#15 /Users/pro/projects/recapcha/framework/web/CWebApplication.php(282): CController->run('contact')
#16 /Users/pro/projects/recapcha/framework/web/CWebApplication.php(141): CWebApplication->runController('site/contact')
#17 /Users/pro/projects/recapcha/framework/base/CApplication.php(185): CWebApplication->processRequest()
#18 /Users/pro/projects/recapcha/index.php(13): CApplication->run()
#19 {main}
REQUEST_URI=/index.php/site/contact
HTTP_REFERER=http://recapcha/
---
2019/07/01 21:08:56 [error] [exception.CException] CException: Alias "ext.yiiReCaptcha.ReCaptchaValidator" is invalid. Make sure it points to an existing PHP file and the file is readable. in /Users/pro/projects/recapcha/framework/YiiBase.php:330
Stack trace:
#0 /Users/pro/projects/recapcha/framework/validators/CValidator.php(174): YiiBase::import('ext.yiiReCaptch...', true)
#1 /Users/pro/projects/recapcha/framework/base/CModel.php(287): CValidator::createValidator('ext.yiiReCaptch...', Object(ContactForm), Array, Array)
#2 /Users/pro/projects/recapcha/framework/base/CModel.php(260): CModel->createValidators()
#3 /Users/pro/projects/recapcha/framework/base/CModel.php(547): CModel->getValidators()
#4 /Users/pro/projects/recapcha/framework/web/widgets/CActiveForm.php(567): CModel->getSafeAttributeNames()
#5 /Users/pro/projects/recapcha/protected/views/site/contact.php(38): CActiveForm->errorSummary(Object(ContactForm))
#6 /Users/pro/projects/recapcha/framework/web/CBaseController.php(126): require('/Users/pro/proj...')
#7 /Users/pro/projects/recapcha/framework/web/CBaseController.php(95): CBaseController->renderInternal('/Users/pro/proj...', Array, true)
#8 /Users/pro/projects/recapcha/framework/web/CController.php(872): CBaseController->renderFile('/Users/pro/proj...', Array, true)
#9 /Users/pro/projects/recapcha/framework/web/CController.php(785): CController->renderPartial('contact', Array, true)
#10 /Users/pro/projects/recapcha/protected/controllers/SiteController.php(72): CController->render('contact', Array)
#11 /Users/pro/projects/recapcha/framework/web/actions/CInlineAction.php(49): SiteController->actionContact()
#12 /Users/pro/projects/recapcha/framework/web/CController.php(308): CInlineAction->runWithParams(Array)
#13 /Users/pro/projects/recapcha/framework/web/CController.php(286): CController->runAction(Object(CInlineAction))
#14 /Users/pro/projects/recapcha/framework/web/CController.php(265): CController->runActionWithFilters(Object(CInlineAction), Array)
#15 /Users/pro/projects/recapcha/framework/web/CWebApplication.php(282): CController->run('contact')
#16 /Users/pro/projects/recapcha/framework/web/CWebApplication.php(141): CWebApplication->runController('site/contact')
#17 /Users/pro/projects/recapcha/framework/base/CApplication.php(185): CWebApplication->processRequest()
#18 /Users/pro/projects/recapcha/index.php(13): CApplication->run()
#19 {main}
REQUEST_URI=/index.php/site/contact
HTTP_REFERER=http://recapcha/
---
2019/07/01 21:09:28 [error] [exception.CException] CException: Alias "ext.yiiReCaptcha.ReCaptchaValidator" is invalid. Make sure it points to an existing PHP file and the file is readable. in /Users/pro/projects/recapcha/framework/YiiBase.php:330
Stack trace:
#0 /Users/pro/projects/recapcha/framework/validators/CValidator.php(174): YiiBase::import('ext.yiiReCaptch...', true)
#1 /Users/pro/projects/recapcha/framework/base/CModel.php(287): CValidator::createValidator('ext.yiiReCaptch...', Object(ContactForm), Array, Array)
#2 /Users/pro/projects/recapcha/framework/base/CModel.php(260): CModel->createValidators()
#3 /Users/pro/projects/recapcha/framework/base/CModel.php(547): CModel->getValidators()
#4 /Users/pro/projects/recapcha/framework/web/widgets/CActiveForm.php(567): CModel->getSafeAttributeNames()
#5 /Users/pro/projects/recapcha/protected/views/site/contact.php(38): CActiveForm->errorSummary(Object(ContactForm))
#6 /Users/pro/projects/recapcha/framework/web/CBaseController.php(126): require('/Users/pro/proj...')
#7 /Users/pro/projects/recapcha/framework/web/CBaseController.php(95): CBaseController->renderInternal('/Users/pro/proj...', Array, true)
#8 /Users/pro/projects/recapcha/framework/web/CController.php(872): CBaseController->renderFile('/Users/pro/proj...', Array, true)
#9 /Users/pro/projects/recapcha/framework/web/CController.php(785): CController->renderPartial('contact', Array, true)
#10 /Users/pro/projects/recapcha/protected/controllers/SiteController.php(72): CController->render('contact', Array)
#11 /Users/pro/projects/recapcha/framework/web/actions/CInlineAction.php(49): SiteController->actionContact()
#12 /Users/pro/projects/recapcha/framework/web/CController.php(308): CInlineAction->runWithParams(Array)
#13 /Users/pro/projects/recapcha/framework/web/CController.php(286): CController->runAction(Object(CInlineAction))
#14 /Users/pro/projects/recapcha/framework/web/CController.php(265): CController->runActionWithFilters(Object(CInlineAction), Array)
#15 /Users/pro/projects/recapcha/framework/web/CWebApplication.php(282): CController->run('contact')
#16 /Users/pro/projects/recapcha/framework/web/CWebApplication.php(141): CWebApplication->runController('site/contact')
#17 /Users/pro/projects/recapcha/framework/base/CApplication.php(185): CWebApplication->processRequest()
#18 /Users/pro/projects/recapcha/index.php(13): CApplication->run()
#19 {main}
REQUEST_URI=/index.php/site/contact
HTTP_REFERER=http://recapcha/
---
2019/07/01 21:09:29 [error] [exception.CException] CException: Alias "ext.yiiReCaptcha.ReCaptchaValidator" is invalid. Make sure it points to an existing PHP file and the file is readable. in /Users/pro/projects/recapcha/framework/YiiBase.php:330
Stack trace:
#0 /Users/pro/projects/recapcha/framework/validators/CValidator.php(174): YiiBase::import('ext.yiiReCaptch...', true)
#1 /Users/pro/projects/recapcha/framework/base/CModel.php(287): CValidator::createValidator('ext.yiiReCaptch...', Object(ContactForm), Array, Array)
#2 /Users/pro/projects/recapcha/framework/base/CModel.php(260): CModel->createValidators()
#3 /Users/pro/projects/recapcha/framework/base/CModel.php(547): CModel->getValidators()
#4 /Users/pro/projects/recapcha/framework/web/widgets/CActiveForm.php(567): CModel->getSafeAttributeNames()
#5 /Users/pro/projects/recapcha/protected/views/site/contact.php(38): CActiveForm->errorSummary(Object(ContactForm))
#6 /Users/pro/projects/recapcha/framework/web/CBaseController.php(126): require('/Users/pro/proj...')
#7 /Users/pro/projects/recapcha/framework/web/CBaseController.php(95): CBaseController->renderInternal('/Users/pro/proj...', Array, true)
#8 /Users/pro/projects/recapcha/framework/web/CController.php(872): CBaseController->renderFile('/Users/pro/proj...', Array, true)
#9 /Users/pro/projects/recapcha/framework/web/CController.php(785): CController->renderPartial('contact', Array, true)
#10 /Users/pro/projects/recapcha/protected/controllers/SiteController.php(72): CController->render('contact', Array)
#11 /Users/pro/projects/recapcha/framework/web/actions/CInlineAction.php(49): SiteController->actionContact()
#12 /Users/pro/projects/recapcha/framework/web/CController.php(308): CInlineAction->runWithParams(Array)
#13 /Users/pro/projects/recapcha/framework/web/CController.php(286): CController->runAction(Object(CInlineAction))
#14 /Users/pro/projects/recapcha/framework/web/CController.php(265): CController->runActionWithFilters(Object(CInlineAction), Array)
#15 /Users/pro/projects/recapcha/framework/web/CWebApplication.php(282): CController->run('contact')
#16 /Users/pro/projects/recapcha/framework/web/CWebApplication.php(141): CWebApplication->runController('site/contact')
#17 /Users/pro/projects/recapcha/framework/base/CApplication.php(185): CWebApplication->processRequest()
#18 /Users/pro/projects/recapcha/index.php(13): CApplication->run()
#19 {main}
REQUEST_URI=/index.php/site/contact
HTTP_REFERER=http://recapcha/
---
2019/07/01 21:09:30 [error] [exception.CException] CException: Alias "ext.yiiReCaptcha.ReCaptchaValidator" is invalid. Make sure it points to an existing PHP file and the file is readable. in /Users/pro/projects/recapcha/framework/YiiBase.php:330
Stack trace:
#0 /Users/pro/projects/recapcha/framework/validators/CValidator.php(174): YiiBase::import('ext.yiiReCaptch...', true)
#1 /Users/pro/projects/recapcha/framework/base/CModel.php(287): CValidator::createValidator('ext.yiiReCaptch...', Object(ContactForm), Array, Array)
#2 /Users/pro/projects/recapcha/framework/base/CModel.php(260): CModel->createValidators()
#3 /Users/pro/projects/recapcha/framework/base/CModel.php(547): CModel->getValidators()
#4 /Users/pro/projects/recapcha/framework/web/widgets/CActiveForm.php(567): CModel->getSafeAttributeNames()
#5 /Users/pro/projects/recapcha/protected/views/site/contact.php(38): CActiveForm->errorSummary(Object(ContactForm))
#6 /Users/pro/projects/recapcha/framework/web/CBaseController.php(126): require('/Users/pro/proj...')
#7 /Users/pro/projects/recapcha/framework/web/CBaseController.php(95): CBaseController->renderInternal('/Users/pro/proj...', Array, true)
#8 /Users/pro/projects/recapcha/framework/web/CController.php(872): CBaseController->renderFile('/Users/pro/proj...', Array, true)
#9 /Users/pro/projects/recapcha/framework/web/CController.php(785): CController->renderPartial('contact', Array, true)
#10 /Users/pro/projects/recapcha/protected/controllers/SiteController.php(72): CController->render('contact', Array)
#11 /Users/pro/projects/recapcha/framework/web/actions/CInlineAction.php(49): SiteController->actionContact()
#12 /Users/pro/projects/recapcha/framework/web/CController.php(308): CInlineAction->runWithParams(Array)
#13 /Users/pro/projects/recapcha/framework/web/CController.php(286): CController->runAction(Object(CInlineAction))
#14 /Users/pro/projects/recapcha/framework/web/CController.php(265): CController->runActionWithFilters(Object(CInlineAction), Array)
#15 /Users/pro/projects/recapcha/framework/web/CWebApplication.php(282): CController->run('contact')
#16 /Users/pro/projects/recapcha/framework/web/CWebApplication.php(141): CWebApplication->runController('site/contact')
#17 /Users/pro/projects/recapcha/framework/base/CApplication.php(185): CWebApplication->processRequest()
#18 /Users/pro/projects/recapcha/index.php(13): CApplication->run()
#19 {main}
REQUEST_URI=/index.php/site/contact
HTTP_REFERER=http://recapcha/
---
2019/07/01 21:10:59 [error] [exception.CException] CException: Alias "extensions.ReCaptchaValidator" is invalid. Make sure it points to an existing directory or file. in /Users/pro/projects/recapcha/framework/YiiBase.php:355
Stack trace:
#0 /Users/pro/projects/recapcha/framework/validators/CValidator.php(174): YiiBase::import('extensions.ReCa...', true)
#1 /Users/pro/projects/recapcha/framework/base/CModel.php(287): CValidator::createValidator('extensions.ReCa...', Object(ContactForm), Array, Array)
#2 /Users/pro/projects/recapcha/framework/base/CModel.php(260): CModel->createValidators()
#3 /Users/pro/projects/recapcha/framework/base/CModel.php(547): CModel->getValidators()
#4 /Users/pro/projects/recapcha/framework/web/widgets/CActiveForm.php(567): CModel->getSafeAttributeNames()
#5 /Users/pro/projects/recapcha/protected/views/site/contact.php(38): CActiveForm->errorSummary(Object(ContactForm))
#6 /Users/pro/projects/recapcha/framework/web/CBaseController.php(126): require('/Users/pro/proj...')
#7 /Users/pro/projects/recapcha/framework/web/CBaseController.php(95): CBaseController->renderInternal('/Users/pro/proj...', Array, true)
#8 /Users/pro/projects/recapcha/framework/web/CController.php(872): CBaseController->renderFile('/Users/pro/proj...', Array, true)
#9 /Users/pro/projects/recapcha/framework/web/CController.php(785): CController->renderPartial('contact', Array, true)
#10 /Users/pro/projects/recapcha/protected/controllers/SiteController.php(72): CController->render('contact', Array)
#11 /Users/pro/projects/recapcha/framework/web/actions/CInlineAction.php(49): SiteController->actionContact()
#12 /Users/pro/projects/recapcha/framework/web/CController.php(308): CInlineAction->runWithParams(Array)
#13 /Users/pro/projects/recapcha/framework/web/CController.php(286): CController->runAction(Object(CInlineAction))
#14 /Users/pro/projects/recapcha/framework/web/CController.php(265): CController->runActionWithFilters(Object(CInlineAction), Array)
#15 /Users/pro/projects/recapcha/framework/web/CWebApplication.php(282): CController->run('contact')
#16 /Users/pro/projects/recapcha/framework/web/CWebApplication.php(141): CWebApplication->runController('site/contact')
#17 /Users/pro/projects/recapcha/framework/base/CApplication.php(185): CWebApplication->processRequest()
#18 /Users/pro/projects/recapcha/index.php(13): CApplication->run()
#19 {main}
REQUEST_URI=/index.php/site/contact
HTTP_REFERER=http://recapcha/
---
2019/07/01 21:11:00 [error] [exception.CException] CException: Alias "extensions.ReCaptchaValidator" is invalid. Make sure it points to an existing directory or file. in /Users/pro/projects/recapcha/framework/YiiBase.php:355
Stack trace:
#0 /Users/pro/projects/recapcha/framework/validators/CValidator.php(174): YiiBase::import('extensions.ReCa...', true)
#1 /Users/pro/projects/recapcha/framework/base/CModel.php(287): CValidator::createValidator('extensions.ReCa...', Object(ContactForm), Array, Array)
#2 /Users/pro/projects/recapcha/framework/base/CModel.php(260): CModel->createValidators()
#3 /Users/pro/projects/recapcha/framework/base/CModel.php(547): CModel->getValidators()
#4 /Users/pro/projects/recapcha/framework/web/widgets/CActiveForm.php(567): CModel->getSafeAttributeNames()
#5 /Users/pro/projects/recapcha/protected/views/site/contact.php(38): CActiveForm->errorSummary(Object(ContactForm))
#6 /Users/pro/projects/recapcha/framework/web/CBaseController.php(126): require('/Users/pro/proj...')
#7 /Users/pro/projects/recapcha/framework/web/CBaseController.php(95): CBaseController->renderInternal('/Users/pro/proj...', Array, true)
#8 /Users/pro/projects/recapcha/framework/web/CController.php(872): CBaseController->renderFile('/Users/pro/proj...', Array, true)
#9 /Users/pro/projects/recapcha/framework/web/CController.php(785): CController->renderPartial('contact', Array, true)
#10 /Users/pro/projects/recapcha/protected/controllers/SiteController.php(72): CController->render('contact', Array)
#11 /Users/pro/projects/recapcha/framework/web/actions/CInlineAction.php(49): SiteController->actionContact()
#12 /Users/pro/projects/recapcha/framework/web/CController.php(308): CInlineAction->runWithParams(Array)
#13 /Users/pro/projects/recapcha/framework/web/CController.php(286): CController->runAction(Object(CInlineAction))
#14 /Users/pro/projects/recapcha/framework/web/CController.php(265): CController->runActionWithFilters(Object(CInlineAction), Array)
#15 /Users/pro/projects/recapcha/framework/web/CWebApplication.php(282): CController->run('contact')
#16 /Users/pro/projects/recapcha/framework/web/CWebApplication.php(141): CWebApplication->runController('site/contact')
#17 /Users/pro/projects/recapcha/framework/base/CApplication.php(185): CWebApplication->processRequest()
#18 /Users/pro/projects/recapcha/index.php(13): CApplication->run()
#19 {main}
REQUEST_URI=/index.php/site/contact
HTTP_REFERER=http://recapcha/
---
2019/07/01 21:11:00 [error] [exception.CException] CException: Alias "extensions.ReCaptchaValidator" is invalid. Make sure it points to an existing directory or file. in /Users/pro/projects/recapcha/framework/YiiBase.php:355
Stack trace:
#0 /Users/pro/projects/recapcha/framework/validators/CValidator.php(174): YiiBase::import('extensions.ReCa...', true)
#1 /Users/pro/projects/recapcha/framework/base/CModel.php(287): CValidator::createValidator('extensions.ReCa...', Object(ContactForm), Array, Array)
#2 /Users/pro/projects/recapcha/framework/base/CModel.php(260): CModel->createValidators()
#3 /Users/pro/projects/recapcha/framework/base/CModel.php(547): CModel->getValidators()
#4 /Users/pro/projects/recapcha/framework/web/widgets/CActiveForm.php(567): CModel->getSafeAttributeNames()
#5 /Users/pro/projects/recapcha/protected/views/site/contact.php(38): CActiveForm->errorSummary(Object(ContactForm))
#6 /Users/pro/projects/recapcha/framework/web/CBaseController.php(126): require('/Users/pro/proj...')
#7 /Users/pro/projects/recapcha/framework/web/CBaseController.php(95): CBaseController->renderInternal('/Users/pro/proj...', Array, true)
#8 /Users/pro/projects/recapcha/framework/web/CController.php(872): CBaseController->renderFile('/Users/pro/proj...', Array, true)
#9 /Users/pro/projects/recapcha/framework/web/CController.php(785): CController->renderPartial('contact', Array, true)
#10 /Users/pro/projects/recapcha/protected/controllers/SiteController.php(72): CController->render('contact', Array)
#11 /Users/pro/projects/recapcha/framework/web/actions/CInlineAction.php(49): SiteController->actionContact()
#12 /Users/pro/projects/recapcha/framework/web/CController.php(308): CInlineAction->runWithParams(Array)
#13 /Users/pro/projects/recapcha/framework/web/CController.php(286): CController->runAction(Object(CInlineAction))
#14 /Users/pro/projects/recapcha/framework/web/CController.php(265): CController->runActionWithFilters(Object(CInlineAction), Array)
#15 /Users/pro/projects/recapcha/framework/web/CWebApplication.php(282): CController->run('contact')
#16 /Users/pro/projects/recapcha/framework/web/CWebApplication.php(141): CWebApplication->runController('site/contact')
#17 /Users/pro/projects/recapcha/framework/base/CApplication.php(185): CWebApplication->processRequest()
#18 /Users/pro/projects/recapcha/index.php(13): CApplication->run()
#19 {main}
REQUEST_URI=/index.php/site/contact
HTTP_REFERER=http://recapcha/
---
2019/07/01 21:11:00 [error] [exception.CException] CException: Alias "extensions.ReCaptchaValidator" is invalid. Make sure it points to an existing directory or file. in /Users/pro/projects/recapcha/framework/YiiBase.php:355
Stack trace:
#0 /Users/pro/projects/recapcha/framework/validators/CValidator.php(174): YiiBase::import('extensions.ReCa...', true)
#1 /Users/pro/projects/recapcha/framework/base/CModel.php(287): CValidator::createValidator('extensions.ReCa...', Object(ContactForm), Array, Array)
#2 /Users/pro/projects/recapcha/framework/base/CModel.php(260): CModel->createValidators()
#3 /Users/pro/projects/recapcha/framework/base/CModel.php(547): CModel->getValidators()
#4 /Users/pro/projects/recapcha/framework/web/widgets/CActiveForm.php(567): CModel->getSafeAttributeNames()
#5 /Users/pro/projects/recapcha/protected/views/site/contact.php(38): CActiveForm->errorSummary(Object(ContactForm))
#6 /Users/pro/projects/recapcha/framework/web/CBaseController.php(126): require('/Users/pro/proj...')
#7 /Users/pro/projects/recapcha/framework/web/CBaseController.php(95): CBaseController->renderInternal('/Users/pro/proj...', Array, true)
#8 /Users/pro/projects/recapcha/framework/web/CController.php(872): CBaseController->renderFile('/Users/pro/proj...', Array, true)
#9 /Users/pro/projects/recapcha/framework/web/CController.php(785): CController->renderPartial('contact', Array, true)
#10 /Users/pro/projects/recapcha/protected/controllers/SiteController.php(72): CController->render('contact', Array)
#11 /Users/pro/projects/recapcha/framework/web/actions/CInlineAction.php(49): SiteController->actionContact()
#12 /Users/pro/projects/recapcha/framework/web/CController.php(308): CInlineAction->runWithParams(Array)
#13 /Users/pro/projects/recapcha/framework/web/CController.php(286): CController->runAction(Object(CInlineAction))
#14 /Users/pro/projects/recapcha/framework/web/CController.php(265): CController->runActionWithFilters(Object(CInlineAction), Array)
#15 /Users/pro/projects/recapcha/framework/web/CWebApplication.php(282): CController->run('contact')
#16 /Users/pro/projects/recapcha/framework/web/CWebApplication.php(141): CWebApplication->runController('site/contact')
#17 /Users/pro/projects/recapcha/framework/base/CApplication.php(185): CWebApplication->processRequest()
#18 /Users/pro/projects/recapcha/index.php(13): CApplication->run()
#19 {main}
REQUEST_URI=/index.php/site/contact
HTTP_REFERER=http://recapcha/
---
2019/07/01 21:11:01 [error] [exception.CException] CException: Alias "extensions.ReCaptchaValidator" is invalid. Make sure it points to an existing directory or file. in /Users/pro/projects/recapcha/framework/YiiBase.php:355
Stack trace:
#0 /Users/pro/projects/recapcha/framework/validators/CValidator.php(174): YiiBase::import('extensions.ReCa...', true)
#1 /Users/pro/projects/recapcha/framework/base/CModel.php(287): CValidator::createValidator('extensions.ReCa...', Object(ContactForm), Array, Array)
#2 /Users/pro/projects/recapcha/framework/base/CModel.php(260): CModel->createValidators()
#3 /Users/pro/projects/recapcha/framework/base/CModel.php(547): CModel->getValidators()
#4 /Users/pro/projects/recapcha/framework/web/widgets/CActiveForm.php(567): CModel->getSafeAttributeNames()
#5 /Users/pro/projects/recapcha/protected/views/site/contact.php(38): CActiveForm->errorSummary(Object(ContactForm))
#6 /Users/pro/projects/recapcha/framework/web/CBaseController.php(126): require('/Users/pro/proj...')
#7 /Users/pro/projects/recapcha/framework/web/CBaseController.php(95): CBaseController->renderInternal('/Users/pro/proj...', Array, true)
#8 /Users/pro/projects/recapcha/framework/web/CController.php(872): CBaseController->renderFile('/Users/pro/proj...', Array, true)
#9 /Users/pro/projects/recapcha/framework/web/CController.php(785): CController->renderPartial('contact', Array, true)
#10 /Users/pro/projects/recapcha/protected/controllers/SiteController.php(72): CController->render('contact', Array)
#11 /Users/pro/projects/recapcha/framework/web/actions/CInlineAction.php(49): SiteController->actionContact()
#12 /Users/pro/projects/recapcha/framework/web/CController.php(308): CInlineAction->runWithParams(Array)
#13 /Users/pro/projects/recapcha/framework/web/CController.php(286): CController->runAction(Object(CInlineAction))
#14 /Users/pro/projects/recapcha/framework/web/CController.php(265): CController->runActionWithFilters(Object(CInlineAction), Array)
#15 /Users/pro/projects/recapcha/framework/web/CWebApplication.php(282): CController->run('contact')
#16 /Users/pro/projects/recapcha/framework/web/CWebApplication.php(141): CWebApplication->runController('site/contact')
#17 /Users/pro/projects/recapcha/framework/base/CApplication.php(185): CWebApplication->processRequest()
#18 /Users/pro/projects/recapcha/index.php(13): CApplication->run()
#19 {main}
REQUEST_URI=/index.php/site/contact
HTTP_REFERER=http://recapcha/
---
2019/07/01 21:11:01 [error] [exception.CException] CException: Alias "extensions.ReCaptchaValidator" is invalid. Make sure it points to an existing directory or file. in /Users/pro/projects/recapcha/framework/YiiBase.php:355
Stack trace:
#0 /Users/pro/projects/recapcha/framework/validators/CValidator.php(174): YiiBase::import('extensions.ReCa...', true)
#1 /Users/pro/projects/recapcha/framework/base/CModel.php(287): CValidator::createValidator('extensions.ReCa...', Object(ContactForm), Array, Array)
#2 /Users/pro/projects/recapcha/framework/base/CModel.php(260): CModel->createValidators()
#3 /Users/pro/projects/recapcha/framework/base/CModel.php(547): CModel->getValidators()
#4 /Users/pro/projects/recapcha/framework/web/widgets/CActiveForm.php(567): CModel->getSafeAttributeNames()
#5 /Users/pro/projects/recapcha/protected/views/site/contact.php(38): CActiveForm->errorSummary(Object(ContactForm))
#6 /Users/pro/projects/recapcha/framework/web/CBaseController.php(126): require('/Users/pro/proj...')
#7 /Users/pro/projects/recapcha/framework/web/CBaseController.php(95): CBaseController->renderInternal('/Users/pro/proj...', Array, true)
#8 /Users/pro/projects/recapcha/framework/web/CController.php(872): CBaseController->renderFile('/Users/pro/proj...', Array, true)
#9 /Users/pro/projects/recapcha/framework/web/CController.php(785): CController->renderPartial('contact', Array, true)
#10 /Users/pro/projects/recapcha/protected/controllers/SiteController.php(72): CController->render('contact', Array)
#11 /Users/pro/projects/recapcha/framework/web/actions/CInlineAction.php(49): SiteController->actionContact()
#12 /Users/pro/projects/recapcha/framework/web/CController.php(308): CInlineAction->runWithParams(Array)
#13 /Users/pro/projects/recapcha/framework/web/CController.php(286): CController->runAction(Object(CInlineAction))
#14 /Users/pro/projects/recapcha/framework/web/CController.php(265): CController->runActionWithFilters(Object(CInlineAction), Array)
#15 /Users/pro/projects/recapcha/framework/web/CWebApplication.php(282): CController->run('contact')
#16 /Users/pro/projects/recapcha/framework/web/CWebApplication.php(141): CWebApplication->runController('site/contact')
#17 /Users/pro/projects/recapcha/framework/base/CApplication.php(185): CWebApplication->processRequest()
#18 /Users/pro/projects/recapcha/index.php(13): CApplication->run()
#19 {main}
REQUEST_URI=/index.php/site/contact
HTTP_REFERER=http://recapcha/
---
2019/07/01 21:11:01 [error] [exception.CException] CException: Alias "extensions.ReCaptchaValidator" is invalid. Make sure it points to an existing directory or file. in /Users/pro/projects/recapcha/framework/YiiBase.php:355
Stack trace:
#0 /Users/pro/projects/recapcha/framework/validators/CValidator.php(174): YiiBase::import('extensions.ReCa...', true)
#1 /Users/pro/projects/recapcha/framework/base/CModel.php(287): CValidator::createValidator('extensions.ReCa...', Object(ContactForm), Array, Array)
#2 /Users/pro/projects/recapcha/framework/base/CModel.php(260): CModel->createValidators()
#3 /Users/pro/projects/recapcha/framework/base/CModel.php(547): CModel->getValidators()
#4 /Users/pro/projects/recapcha/framework/web/widgets/CActiveForm.php(567): CModel->getSafeAttributeNames()
#5 /Users/pro/projects/recapcha/protected/views/site/contact.php(38): CActiveForm->errorSummary(Object(ContactForm))
#6 /Users/pro/projects/recapcha/framework/web/CBaseController.php(126): require('/Users/pro/proj...')
#7 /Users/pro/projects/recapcha/framework/web/CBaseController.php(95): CBaseController->renderInternal('/Users/pro/proj...', Array, true)
#8 /Users/pro/projects/recapcha/framework/web/CController.php(872): CBaseController->renderFile('/Users/pro/proj...', Array, true)
#9 /Users/pro/projects/recapcha/framework/web/CController.php(785): CController->renderPartial('contact', Array, true)
#10 /Users/pro/projects/recapcha/protected/controllers/SiteController.php(72): CController->render('contact', Array)
#11 /Users/pro/projects/recapcha/framework/web/actions/CInlineAction.php(49): SiteController->actionContact()
#12 /Users/pro/projects/recapcha/framework/web/CController.php(308): CInlineAction->runWithParams(Array)
#13 /Users/pro/projects/recapcha/framework/web/CController.php(286): CController->runAction(Object(CInlineAction))
#14 /Users/pro/projects/recapcha/framework/web/CController.php(265): CController->runActionWithFilters(Object(CInlineAction), Array)
#15 /Users/pro/projects/recapcha/framework/web/CWebApplication.php(282): CController->run('contact')
#16 /Users/pro/projects/recapcha/framework/web/CWebApplication.php(141): CWebApplication->runController('site/contact')
#17 /Users/pro/projects/recapcha/framework/base/CApplication.php(185): CWebApplication->processRequest()
#18 /Users/pro/projects/recapcha/index.php(13): CApplication->run()
#19 {main}
REQUEST_URI=/index.php/site/contact
HTTP_REFERER=http://recapcha/
---
2019/07/01 21:11:01 [error] [exception.CException] CException: Alias "extensions.ReCaptchaValidator" is invalid. Make sure it points to an existing directory or file. in /Users/pro/projects/recapcha/framework/YiiBase.php:355
Stack trace:
#0 /Users/pro/projects/recapcha/framework/validators/CValidator.php(174): YiiBase::import('extensions.ReCa...', true)
#1 /Users/pro/projects/recapcha/framework/base/CModel.php(287): CValidator::createValidator('extensions.ReCa...', Object(ContactForm), Array, Array)
#2 /Users/pro/projects/recapcha/framework/base/CModel.php(260): CModel->createValidators()
#3 /Users/pro/projects/recapcha/framework/base/CModel.php(547): CModel->getValidators()
#4 /Users/pro/projects/recapcha/framework/web/widgets/CActiveForm.php(567): CModel->getSafeAttributeNames()
#5 /Users/pro/projects/recapcha/protected/views/site/contact.php(38): CActiveForm->errorSummary(Object(ContactForm))
#6 /Users/pro/projects/recapcha/framework/web/CBaseController.php(126): require('/Users/pro/proj...')
#7 /Users/pro/projects/recapcha/framework/web/CBaseController.php(95): CBaseController->renderInternal('/Users/pro/proj...', Array, true)
#8 /Users/pro/projects/recapcha/framework/web/CController.php(872): CBaseController->renderFile('/Users/pro/proj...', Array, true)
#9 /Users/pro/projects/recapcha/framework/web/CController.php(785): CController->renderPartial('contact', Array, true)
#10 /Users/pro/projects/recapcha/protected/controllers/SiteController.php(72): CController->render('contact', Array)
#11 /Users/pro/projects/recapcha/framework/web/actions/CInlineAction.php(49): SiteController->actionContact()
#12 /Users/pro/projects/recapcha/framework/web/CController.php(308): CInlineAction->runWithParams(Array)
#13 /Users/pro/projects/recapcha/framework/web/CController.php(286): CController->runAction(Object(CInlineAction))
#14 /Users/pro/projects/recapcha/framework/web/CController.php(265): CController->runActionWithFilters(Object(CInlineAction), Array)
#15 /Users/pro/projects/recapcha/framework/web/CWebApplication.php(282): CController->run('contact')
#16 /Users/pro/projects/recapcha/framework/web/CWebApplication.php(141): CWebApplication->runController('site/contact')
#17 /Users/pro/projects/recapcha/framework/base/CApplication.php(185): CWebApplication->processRequest()
#18 /Users/pro/projects/recapcha/index.php(13): CApplication->run()
#19 {main}
REQUEST_URI=/index.php/site/contact
HTTP_REFERER=http://recapcha/
---
2019/07/02 05:14:05 [error] [exception.Error] Error: Call to undefined function mcrypt_encrypt() in /Users/pro/projects/recapcha/protected/extensions/ReCaptcha.php:225
Stack trace:
#0 /Users/pro/projects/recapcha/protected/extensions/ReCaptcha.php(170): ReCaptcha->encryptAes('{"session_id":"...', '\xE4Z\xD0,"E\xDA\xDD\x8E\x8D\x1C'o)\x07...')
#1 /Users/pro/projects/recapcha/protected/extensions/ReCaptcha.php(142): ReCaptcha->encryptData('{"session_id":"...')
#2 /Users/pro/projects/recapcha/protected/extensions/ReCaptcha.php(81): ReCaptcha->createSecureToken('s0tl5bbthv6mhi2...')
#3 /Users/pro/projects/recapcha/framework/web/CBaseController.php(182): ReCaptcha->run()
#4 /Users/pro/projects/recapcha/protected/views/site/contact.php(79): CBaseController->widget('application.ext...', Array)
#5 /Users/pro/projects/recapcha/framework/web/CBaseController.php(126): require('/Users/pro/proj...')
#6 /Users/pro/projects/recapcha/framework/web/CBaseController.php(95): CBaseController->renderInternal('/Users/pro/proj...', Array, true)
#7 /Users/pro/projects/recapcha/framework/web/CController.php(872): CBaseController->renderFile('/Users/pro/proj...', Array, true)
#8 /Users/pro/projects/recapcha/framework/web/CController.php(785): CController->renderPartial('contact', Array, true)
#9 /Users/pro/projects/recapcha/protected/controllers/SiteController.php(72): CController->render('contact', Array)
#10 /Users/pro/projects/recapcha/framework/web/actions/CInlineAction.php(49): SiteController->actionContact()
#11 /Users/pro/projects/recapcha/framework/web/CController.php(308): CInlineAction->runWithParams(Array)
#12 /Users/pro/projects/recapcha/framework/web/CController.php(286): CController->runAction(Object(CInlineAction))
#13 /Users/pro/projects/recapcha/framework/web/CController.php(265): CController->runActionWithFilters(Object(CInlineAction), Array)
#14 /Users/pro/projects/recapcha/framework/web/CWebApplication.php(282): CController->run('contact')
#15 /Users/pro/projects/recapcha/framework/web/CWebApplication.php(141): CWebApplication->runController('site/contact')
#16 /Users/pro/projects/recapcha/framework/base/CApplication.php(185): CWebApplication->processRequest()
#17 /Users/pro/projects/recapcha/index.php(13): CApplication->run()
#18 {main}
REQUEST_URI=/index.php/site/contact
HTTP_REFERER=http://recapcha/index.php/site/contact
---
2019/07/02 21:08:18 [error] [exception.CHttpException.404] CHttpException: Unable to resolve the request "favicon.ico". in /Users/pro/projects/recapcha/framework/web/CWebApplication.php:286
Stack trace:
#0 /Users/pro/projects/recapcha/framework/web/CWebApplication.php(141): CWebApplication->runController('favicon.ico')
#1 /Users/pro/projects/recapcha/framework/base/CApplication.php(185): CWebApplication->processRequest()
#2 /Users/pro/projects/recapcha/index.php(13): CApplication->run()
#3 {main}
REQUEST_URI=/favicon.ico
HTTP_REFERER=http://recapcha/index.php/site/page?view=about
---
2019/07/10 18:35:03 [error] [exception.CHttpException.404] CHttpException: Unable to resolve the request "favicon.ico". in /Users/pro/projects/recapcha/framework/web/CWebApplication.php:286
Stack trace:
#0 /Users/pro/projects/recapcha/framework/web/CWebApplication.php(141): CWebApplication->runController('favicon.ico')
#1 /Users/pro/projects/recapcha/framework/base/CApplication.php(185): CWebApplication->processRequest()
#2 /Users/pro/projects/recapcha/index.php(13): CApplication->run()
#3 {main}
REQUEST_URI=/favicon.ico
HTTP_REFERER=http://recapcha/
---
2019/07/10 18:49:38 [error] [exception.ParseError] ParseError: syntax error, unexpected '$script' (T_VARIABLE) in /Users/pro/projects/recapcha/protected/views/site/test.php:9
Stack trace:
#0 /Users/pro/projects/recapcha/framework/web/CBaseController.php(95): CBaseController->renderInternal('/Users/pro/proj...', NULL, true)
#1 /Users/pro/projects/recapcha/framework/web/CController.php(872): CBaseController->renderFile('/Users/pro/proj...', NULL, true)
#2 /Users/pro/projects/recapcha/framework/web/CController.php(785): CController->renderPartial('test', NULL, true)
#3 /Users/pro/projects/recapcha/protected/controllers/SiteController.php(116): CController->render('test')
#4 /Users/pro/projects/recapcha/framework/web/actions/CInlineAction.php(49): SiteController->actionTest()
#5 /Users/pro/projects/recapcha/framework/web/CController.php(308): CInlineAction->runWithParams(Array)
#6 /Users/pro/projects/recapcha/framework/web/CController.php(286): CController->runAction(Object(CInlineAction))
#7 /Users/pro/projects/recapcha/framework/web/CController.php(265): CController->runActionWithFilters(Object(CInlineAction), Array)
#8 /Users/pro/projects/recapcha/framework/web/CWebApplication.php(282): CController->run('test')
#9 /Users/pro/projects/recapcha/framework/web/CWebApplication.php(141): CWebApplication->runController('site/test')
#10 /Users/pro/projects/recapcha/framework/base/CApplication.php(185): CWebApplication->processRequest()
#11 /Users/pro/projects/recapcha/index.php(13): CApplication->run()
#12 {main}
REQUEST_URI=/index.php/site/test
---
2019/07/10 19:03:37 [error] [php] Undefined variable: script (/Users/pro/projects/recapcha/protected/views/site/test.php:3)
Stack trace:
#0 /Users/pro/projects/recapcha/framework/web/CController.php(872): SiteController->renderFile()
#1 /Users/pro/projects/recapcha/framework/web/CController.php(785): SiteController->renderPartial()
#2 /Users/pro/projects/recapcha/protected/controllers/SiteController.php(116): SiteController->render()
#3 /Users/pro/projects/recapcha/framework/web/actions/CInlineAction.php(49): SiteController->actionTest()
#4 /Users/pro/projects/recapcha/framework/web/CController.php(308): CInlineAction->runWithParams()
#5 /Users/pro/projects/recapcha/framework/web/CController.php(286): SiteController->runAction()
#6 /Users/pro/projects/recapcha/framework/web/CController.php(265): SiteController->runActionWithFilters()
#7 /Users/pro/projects/recapcha/framework/web/CWebApplication.php(282): SiteController->run()
#8 /Users/pro/projects/recapcha/framework/web/CWebApplication.php(141): CWebApplication->runController()
#9 /Users/pro/projects/recapcha/framework/base/CApplication.php(185): CWebApplication->processRequest()
#10 /Users/pro/projects/recapcha/index.php(13): CWebApplication->run()
REQUEST_URI=/index.php/site/test
in /Users/pro/projects/recapcha/protected/views/site/test.php (3)
in /Users/pro/projects/recapcha/protected/controllers/SiteController.php (116)
in /Users/pro/projects/recapcha/index.php (13)
